[Message:   BepInEx] BepInEx 5.4.22.0 - Lethal Company (25/11/2023 20:42:48)
[Info   :   BepInEx] Running under Unity v2022.3.9.15351836
[Info   :   BepInEx] CLR runtime version: 4.0.30319.42000
[Info   :   BepInEx] Supports SRE: True
[Info   :   BepInEx] System platform: Bits64, Windows
[Message:   BepInEx] Preloader started
[Info   :   BepInEx] Loaded 1 patcher method from [BepInEx.Preloader 5.4.22.0]
[Info   :   BepInEx] Loaded 1 patcher method from [BepInEx.MonoMod.HookGenPatcher 1.2.1.0]
[Info   :   BepInEx] 2 patcher plugins loaded
[Info   :   Console] [MonoMod] 
[Info   :   Console] Reading input file into module.
[Info   :HookGenPatcher] Starting HookGenerator
[Info   :HookGenPatcher] Done.
[Info   :   Console] [MonoMod] 
[Info   :   Console] Reading input file into module.
[Info   :HookGenPatcher] Starting HookGenerator
[Info   :HookGenPatcher] Done.
[Info   :   Console] [MonoMod] 
[Info   :   Console] Reading input file into module.
[Info   :HookGenPatcher] Starting HookGenerator
[Info   :HookGenPatcher] Done.
[Info   :   Console] [MonoMod] 
[Info   :   Console] Reading input file into module.
[Info   :HookGenPatcher] Starting HookGenerator
[Info   :HookGenPatcher] Done.
[Info   :   Console] [MonoMod] 
[Info   :   Console] Reading input file into module.
[Info   :HookGenPatcher] Starting HookGenerator
[Info   :HookGenPatcher] Done.
[Info   :   Console] [MonoMod] 
[Info   :   Console] Reading input file into module.
[Info   :HookGenPatcher] Starting HookGenerator
[Info   :HookGenPatcher] Done.
[Info   :   BepInEx] Patching [UnityEngine.CoreModule] with [BepInEx.Chainloader]
[Message:   BepInEx] Preloader finished
[Message:   BepInEx] Chainloader ready
[Message:   BepInEx] Chainloader started
[Info   :   BepInEx] 25 plugins to load
[Info   :   BepInEx] Loading [AdditionalSuits 1.1.3]
[Info   :ACS.AdditionalSuits] AdditionalSuits - initializing...
[Info   :ACS.AdditionalSuits] AdditionalSuits - initialized!
[Info   :   BepInEx] Loading [Karma For Being Annoying Mod 1.1.0]
[Info   :Chrigi.KarmaForBeingAnnoyingMod] ________________
Karma is a bitch!
________________
[Info   :   BepInEx] Loading [ShipLoot 1.0]
[Info   :   BepInEx] Loading [LethalLib 0.10.1]
[Info   : LethalLib] LethalLib loaded!!
[Info   : LethalLib] Utilities.Init()
[Info   :   BepInEx] Loading [More Ship Upgrades 2.8.0]
[Info   :   BepInEx] Loading [FastStartup 1.1.0]
[Info   :FastStartup] Loading Configuration
[Info   :FastStartup] Plugin dev.flero.lethal.FastStartup is loaded!
[Info   :   BepInEx] Loading [DiscountAlert 2.3.0.0]
[Info   :FastStartup.Savers.Splash] Trying to stop splash screen.
[Info   :DiscountAlert] Plugin discount.alert is loaded!
[Error  :   BepInEx] Could not load [DetailedScan 1.2.2] because it has missing dependencies: atomic.terminalapi
[Info   :   BepInEx] Loading [HotbarPlus 1.4.8]
[Info   :HotbarPlus] BindingConfigs
[Info   :HotbarPlus] HotbarPlus loaded
[Info   :   BepInEx] Loading [TooManyEmotes 1.7.3]
[Info   :TooManyEmotes] BindingConfigs
[Info   :TooManyEmotes] Cleaning old config entries
[Info   :TooManyEmotes] Successfully loaded 10 animation clips from asset bundle: Assets/emotes_complementary
[Info   :TooManyEmotes] Successfully loaded 42 animation clips from asset bundle: Assets/emotes_0
[Info   :TooManyEmotes] Successfully loaded 36 animation clips from asset bundle: Assets/emotes_1
[Info   :TooManyEmotes] Successfully loaded 23 animation clips from asset bundle: Assets/emotes_2
[Info   :TooManyEmotes] Successfully loaded 1 animation clips from asset bundle: Assets/emotes_3
[Info   :TooManyEmotes] Successfully loaded 1 animation clips from asset bundle: Assets/emotes_misc
[Info   :TooManyEmotes] Successfully loaded radial menu asset.
[Info   :TooManyEmotes] TooManyEmotes loaded
[Info   :   BepInEx] Loading [HDLethalCompany-Sligili 1.5.6]
[Info   :HDLethalCompany-Sligili] HDLethalCompany loaded
[Info   :   BepInEx] Loading [HideModList 1.0.0]
[Info   :HideModList] Plugin HideModList is loaded!
[Info   :   BepInEx] Loading [Gamblers Mod 1.0.0]
[Info   :Junypai.GamblersMod] Getting configuration entry: Section: Gambling Chances Key: JackpotChance
[Info   :Junypai.GamblersMod] Getting configuration entry: Section: Gambling Chances Key: TripleChance
[Info   :Junypai.GamblersMod] Getting configuration entry: Section: Gambling Chances Key: DoubleChance
[Info   :Junypai.GamblersMod] Getting configuration entry: Section: Gambling Chances Key: HalveChance
[Info   :Junypai.GamblersMod] Getting configuration entry: Section: Gambling Chances Key: ZeroChance
[Info   :Junypai.GamblersMod] Getting configuration entry: Section: Gambling Multipliers Key: JackpotMultiplier
[Info   :Junypai.GamblersMod] Getting configuration entry: Section: Gambling Multipliers Key: TripleMultiplier
[Info   :Junypai.GamblersMod] Getting configuration entry: Section: Gambling Multipliers Key: DoubleMultiplier
[Info   :Junypai.GamblersMod] Getting configuration entry: Section: Gambling Multipliers Key: HalveMultiplier
[Info   :Junypai.GamblersMod] Getting configuration entry: Section: Gambling Multipliers Key: ZeroMultiplier
[Info   :Junypai.GamblersMod] Getting configuration entry: Section: Audio Key: GambleMachineMusicEnabled
[Info   :Junypai.GamblersMod] Getting configuration entry: Section: Audio Key: GambleMachineMusicVolume
[Info   :Junypai.GamblersMod] Jackpot chance value from config: 3
[Info   :Junypai.GamblersMod] Triple chance value from config: 11
[Info   :Junypai.GamblersMod] Double chance value from config: 27
[Info   :Junypai.GamblersMod] Halve chance value from config: 50
[Info   :Junypai.GamblersMod] Zero chance value from config: 9
[Info   :Junypai.GamblersMod] Jackpot multiplier value from config: 10
[Info   :Junypai.GamblersMod] Triple multiplier value from config: 3
[Info   :Junypai.GamblersMod] Double multiplier value from config: 2
[Info   :Junypai.GamblersMod] Halve multiplier value from config: 0.5
[Info   :Junypai.GamblersMod] Zero multiplier value from config: 0
[Info   :Junypai.GamblersMod] gambling music enabled from config: True
[Info   :Junypai.GamblersMod] gambling music volume from config: 0.35
[Info   :Junypai.GamblersMod] Getting configuration entry: Section: Gambling Chances Key: JackpotChance
[Info   :Junypai.GamblersMod] Getting configuration entry: Section: Gambling Chances Key: TripleChance
[Info   :Junypai.GamblersMod] Getting configuration entry: Section: Gambling Chances Key: DoubleChance
[Info   :Junypai.GamblersMod] Getting configuration entry: Section: Gambling Chances Key: HalveChance
[Info   :Junypai.GamblersMod] Getting configuration entry: Section: Gambling Chances Key: ZeroChance
[Info   :Junypai.GamblersMod] Getting configuration entry: Section: Gambling Multipliers Key: JackpotMultiplier
[Info   :Junypai.GamblersMod] Getting configuration entry: Section: Gambling Multipliers Key: TripleMultiplier
[Info   :Junypai.GamblersMod] Getting configuration entry: Section: Gambling Multipliers Key: DoubleMultiplier
[Info   :Junypai.GamblersMod] Getting configuration entry: Section: Gambling Multipliers Key: HalveMultiplier
[Info   :Junypai.GamblersMod] Getting configuration entry: Section: Gambling Multipliers Key: ZeroMultiplier
[Info   :Junypai.GamblersMod] Getting configuration entry: Section: Audio Key: GambleMachineMusicEnabled
[Info   :Junypai.GamblersMod] Getting configuration entry: Section: Audio Key: GambleMachineMusicVolume
[Info   :Junypai.GamblersMod] Jackpot chance value from config: 3
[Info   :Junypai.GamblersMod] Triple chance value from config: 11
[Info   :Junypai.GamblersMod] Double chance value from config: 27
[Info   :Junypai.GamblersMod] Halve chance value from config: 50
[Info   :Junypai.GamblersMod] Zero chance value from config: 9
[Info   :Junypai.GamblersMod] Jackpot multiplier value from config: 10
[Info   :Junypai.GamblersMod] Triple multiplier value from config: 3
[Info   :Junypai.GamblersMod] Double multiplier value from config: 2
[Info   :Junypai.GamblersMod] Halve multiplier value from config: 0.5
[Info   :Junypai.GamblersMod] Zero multiplier value from config: 0
[Info   :Junypai.GamblersMod] gambling music enabled from config: True
[Info   :Junypai.GamblersMod] gambling music volume from config: 0.35
[Info   :Junypai.GamblersMod] Getting configuration entry: Section: Gambling Chances Key: JackpotChance
[Info   :Junypai.GamblersMod] Getting configuration entry: Section: Gambling Chances Key: TripleChance
[Info   :Junypai.GamblersMod] Getting configuration entry: Section: Gambling Chances Key: DoubleChance
[Info   :Junypai.GamblersMod] Getting configuration entry: Section: Gambling Chances Key: HalveChance
[Info   :Junypai.GamblersMod] Getting configuration entry: Section: Gambling Chances Key: ZeroChance
[Info   :Junypai.GamblersMod] Getting configuration entry: Section: Gambling Multipliers Key: JackpotMultiplier
[Info   :Junypai.GamblersMod] Getting configuration entry: Section: Gambling Multipliers Key: TripleMultiplier
[Info   :Junypai.GamblersMod] Getting configuration entry: Section: Gambling Multipliers Key: DoubleMultiplier
[Info   :Junypai.GamblersMod] Getting configuration entry: Section: Gambling Multipliers Key: HalveMultiplier
[Info   :Junypai.GamblersMod] Getting configuration entry: Section: Gambling Multipliers Key: ZeroMultiplier
[Info   :Junypai.GamblersMod] Getting configuration entry: Section: Audio Key: GambleMachineMusicEnabled
[Info   :Junypai.GamblersMod] Getting configuration entry: Section: Audio Key: GambleMachineMusicVolume
[Info   :Junypai.GamblersMod] Jackpot chance value from config: 3
[Info   :Junypai.GamblersMod] Triple chance value from config: 11
[Info   :Junypai.GamblersMod] Double chance value from config: 27
[Info   :Junypai.GamblersMod] Halve chance value from config: 50
[Info   :Junypai.GamblersMod] Zero chance value from config: 9
[Info   :Junypai.GamblersMod] Jackpot multiplier value from config: 10
[Info   :Junypai.GamblersMod] Triple multiplier value from config: 3
[Info   :Junypai.GamblersMod] Double multiplier value from config: 2
[Info   :Junypai.GamblersMod] Halve multiplier value from config: 0.5
[Info   :Junypai.GamblersMod] Zero multiplier value from config: 0
[Info   :Junypai.GamblersMod] gambling music enabled from config: True
[Info   :Junypai.GamblersMod] gambling music volume from config: 0.35
[Info   :Junypai.GamblersMod] Loading gambler bundle assets
[Info   :Junypai.GamblersMod] Gamblers bundle assets successfully loaded
[Info   :Junypai.GamblersMod] drumroll asset successfully loaded
[Info   :Junypai.GamblersMod] holyshit asset successfully loaded
[Info   :Junypai.GamblersMod] cricket asset successfully loaded
[Info   :Junypai.GamblersMod] womp asset successfully loaded
[Info   :Junypai.GamblersMod] machineMusic asset successfully loaded
[Info   :Junypai.GamblersMod] doublekill asset successfully loaded
[Info   :Junypai.GamblersMod] triplekill asset successfully loaded
[Info   :Junypai.GamblersMod] GamblingMachineResultCanvas asset successfully loaded
[Info   :Junypai.GamblersMod] GamblingMachine asset successfully loaded
[Info   :   BepInEx] Loading [Lethal Company API 3.3.0]
[Warning:Lethal Company API] 
.____    _________           _____  __________ .___  
|    |   \_   ___ \         /  _  \ \______   \|   | 
|    |   /    \  \/        /  /_\  \ |     ___/|   | 
|    |___\     \____      /    |    \|    |    |   | 
|_______ \\______  /______\____|__  /|____|    |___| 
        \/       \//_____/        \/                 
                                                     
[Info   :Lethal Company API] LC_API Starting up..
[Info   :   BepInEx] Loading [Minimap 1.0.5]
[Info   :LethalCompanyMinimap] Minimap 1.0.5 loaded!
[Info   :LethalCompanyMinimap] MinimapGUI loaded.
[Info   :   BepInEx] Loading [MoreCompany 1.7.2]
[Info   :MoreCompany] Loading MoreCompany...
[Info   :MoreCompany] Checking: F:\Steam\steamapps\common\Lethal Company\BepInEx\plugins/MoreCompanyCosmetics
[Info   :MoreCompany] Creating cosmetics directory
[Info   :MoreCompany] Read settings and cosmetics
[Info   :MoreCompany] Loaded cosmetic: builtin.3dglasses from bundle
[Info   :MoreCompany] Loaded cosmetic: builtin.bunnyears from bundle
[Info   :MoreCompany] Loaded cosmetic: builtin.denimhat from bundle
[Info   :MoreCompany] Loaded cosmetic: builtin.fancyglasses from bundle
[Info   :MoreCompany] Loaded cosmetic: builtin.partyglasses from bundle
[Info   :MoreCompany] Loaded cosmetic: builtin.gunholster from bundle
[Info   :MoreCompany] Loaded cosmetic: builtin.hardhat from bundle
[Info   :MoreCompany] Loaded cosmetic: builtin.jesterhat from bundle
[Info   :MoreCompany] Loaded cosmetic: builtin.kittyears from bundle
[Info   :MoreCompany] Loaded cosmetic: builtin.mimemask from bundle
[Info   :MoreCompany] Loaded cosmetic: builtin.fancypants from bundle
[Info   :MoreCompany] Loaded cosmetic: builtin.outoforder from bundle
[Info   :MoreCompany] Loaded cosmetic: builtin.partyhat from bundle
[Info   :MoreCompany] Loaded cosmetic: builtin.plaguemask from bundle
[Info   :MoreCompany] Loaded cosmetic: builtin.propellerhat from bundle
[Info   :MoreCompany] Loaded cosmetic: builtin.eyeballs from bundle
[Info   :MoreCompany] Loaded cosmetic: builtin.rudolph from bundle
[Info   :MoreCompany] Loaded cosmetic: builtin.santahat from bundle
[Info   :MoreCompany] Loaded cosmetic: builtin.slimething from bundle
[Info   :MoreCompany] Loaded cosmetic: builtin.tophat from bundle
[Info   :MoreCompany] Loaded cosmetic: builtin.watch from bundle
[Info   :MoreCompany] Loading USER COSMETICS...
[Info   :MoreCompany] Loaded MoreCompany FULLY
[Info   :   BepInEx] Loading [LethalExpansion 1.3.16]
[Info   :LethalExpansion] PluginName: LethalExpansion, VersionString: 1.3.16 is loading...
[Info   :LethalExpansion] Getting other plugins list
[Info   :LethalExpansion]                               
[Info   :LethalExpansion] Plugin: AdditionalSuits - Version: 1.1.3 - Compatibility: unknown
[Info   :LethalExpansion] ------------------------------
[Info   :LethalExpansion]                               
[Info   :LethalExpansion] Plugin: Karma For Being Annoying Mod - Version: 1.1.0 - Compatibility: unknown
[Info   :LethalExpansion] ------------------------------
[Info   :LethalExpansion]                               
[Info   :LethalExpansion] Plugin: ShipLoot - Version: 1.0 - Compatibility: unknown
[Info   :LethalExpansion] ------------------------------
[Info   :LethalExpansion]                               
[Info   :LethalExpansion] Plugin: LethalLib - Version: 0.10.1 - Compatibility: unknown
[Info   :LethalExpansion] ------------------------------
[Info   :LethalExpansion]                               
[Info   :LethalExpansion] Plugin: More Ship Upgrades - Version: 2.8.0 - Compatibility: unknown
[Info   :LethalExpansion] ------------------------------
[Info   :LethalExpansion]                               
[Info   :LethalExpansion] Plugin: FastStartup - Version: 1.1.0 - Compatibility: unknown
[Info   :LethalExpansion] ------------------------------
[Info   :LethalExpansion]                               
[Info   :LethalExpansion] Plugin: DiscountAlert - Version: 2.3.0.0 - Compatibility: unknown
[Info   :LethalExpansion] ------------------------------
[Info   :LethalExpansion]                               
[Info   :LethalExpansion] Plugin: HotbarPlus - Version: 1.4.8 - Compatibility: unknown
[Info   :LethalExpansion] ------------------------------
[Info   :LethalExpansion]                               
[Info   :LethalExpansion] Plugin: TooManyEmotes - Version: 1.7.3 - Compatibility: unknown
[Info   :LethalExpansion] ------------------------------
[Info   :LethalExpansion]                               
[Info   :LethalExpansion] Plugin: HDLethalCompany-Sligili - Version: 1.5.6 - Compatibility: good
[Info   :LethalExpansion] ------------------------------
[Info   :LethalExpansion]                               
[Info   :LethalExpansion] Plugin: HideModList - Version: 1.0.0 - Compatibility: unknown
[Info   :LethalExpansion] ------------------------------
[Info   :LethalExpansion]                               
[Info   :LethalExpansion] Plugin: Gamblers Mod - Version: 1.0.0 - Compatibility: unknown
[Info   :LethalExpansion] ------------------------------
[Info   :LethalExpansion]                               
[Info   :LethalExpansion] Plugin: Lethal Company API - Version: 3.3.0 - Compatibility: good
[Info   :LethalExpansion] ------------------------------
[Info   :LethalExpansion]                               
[Info   :LethalExpansion] Plugin: Minimap - Version: 1.0.5 - Compatibility: unknown
[Info   :LethalExpansion] ------------------------------
[Info   :LethalExpansion]                               
[Warning:LethalExpansion] Plugin: MoreCompany - Version: 1.7.2 - Compatibility: medium
[Info   :LethalExpansion] ------------------------------
[Info   :LethalExpansion] Plugins folder found: F:\Steam\steamapps\common\Lethal Company\BepInEx\plugins
[Info   :LethalExpansion] Mod path is: F:\Steam\steamapps\common\Lethal Company\BepInEx\plugins
[Warning:LethalExpansion] LethalExpansion is Rooting the Plugins folder, this is not recommended. F:\Steam\steamapps\common\Lethal Company\BepInEx\plugins
[Info   :LethalExpansion] Module found: abandoned v1.2.0.0 Loaded in 1071ms
[Error  :FastStartup.Savers.Splash] Failed to remove splash screen: 10 seconds has passed since startup!
[Info   :LethalExpansion] Module found: Aquatis v0.4.2.0 Loaded in 5451ms
[Info   :LethalExpansion] Module found: Atlas Abyss v1.3.0.0 Loaded in 6451ms
[Info   :LethalExpansion] Module found: Conviction v1.3.0.0 Loaded in 400ms
[Info   :LethalExpansion] Module found:  Dust2Moon v1.0.0.0 Loaded in 1334ms
[Info   :LethalExpansion] Module found: Kast v1.3.0.0 Loaded in 5188ms
[Info   :LethalExpansion] Module found: OldSeaPort v1.3.15.0 Loaded in 1931ms
[Info   :LethalExpansion] Module found: TemplateMod v1.3.16.0 Loaded in 122ms
[Info   :LethalExpansion] Water support applied to the HDRenderPipelineAsset.
[Info   :LethalExpansion] PluginName: LethalExpansion, VersionString: 1.3.16 is loaded.
[Info   :   BepInEx] Loading [Dissonance Lag Fix 1.0]
[Info   :   BepInEx] Loading [Elads HUD 1.1.0]
[Info   : Elads HUD] Plugin Elad's HUD is loaded!
[Info   :   BepInEx] Loading [Hide Chat 1.0.0]
[Info   :   BepInEx] Loading [Flashlight 1.5.0]
[Info   :   BepInEx] Loading [WalkieUse 1.4.0]
[Info   :   BepInEx] Loading [Skinwalker Mod 2.0.2]
[Info   :RugbugRedfern.SkinwalkerMod] SKINWALKER MOD STARTING UP 2.0.2
[Info   :RugbugRedfern.SkinwalkerMod] VoiceEnabled_BaboonHawk VALUE LOADED FROM CONFIG: [True]
[Info   :RugbugRedfern.SkinwalkerMod] VoiceEnabled_Bracken VALUE LOADED FROM CONFIG: [True]
[Info   :RugbugRedfern.SkinwalkerMod] VoiceEnabled_BunkerSpider VALUE LOADED FROM CONFIG: [True]
[Info   :RugbugRedfern.SkinwalkerMod] VoiceEnabled_Centipede VALUE LOADED FROM CONFIG: [True]
[Info   :RugbugRedfern.SkinwalkerMod] VoiceEnabled_CoilHead VALUE LOADED FROM CONFIG: [True]
[Info   :RugbugRedfern.SkinwalkerMod] VoiceEnabled_EyelessDog VALUE LOADED FROM CONFIG: [True]
[Info   :RugbugRedfern.SkinwalkerMod] VoiceEnabled_ForestGiant VALUE LOADED FROM CONFIG: [False]
[Info   :RugbugRedfern.SkinwalkerMod] VoiceEnabled_GhostGirl VALUE LOADED FROM CONFIG: [True]
[Info   :RugbugRedfern.SkinwalkerMod] VoiceEnabled_GiantWorm VALUE LOADED FROM CONFIG: [False]
[Info   :RugbugRedfern.SkinwalkerMod] VoiceEnabled_HoardingBug VALUE LOADED FROM CONFIG: [True]
[Info   :RugbugRedfern.SkinwalkerMod] VoiceEnabled_Hygrodere VALUE LOADED FROM CONFIG: [False]
[Info   :RugbugRedfern.SkinwalkerMod] VoiceEnabled_Jester VALUE LOADED FROM CONFIG: [True]
[Info   :RugbugRedfern.SkinwalkerMod] VoiceEnabled_Masked VALUE LOADED FROM CONFIG: [True]
[Info   :RugbugRedfern.SkinwalkerMod] VoiceEnabled_Nutcracker VALUE LOADED FROM CONFIG: [True]
[Info   :RugbugRedfern.SkinwalkerMod] VoiceEnabled_SporeLizard VALUE LOADED FROM CONFIG: [True]
[Info   :RugbugRedfern.SkinwalkerMod] VoiceEnabled_Thumper VALUE LOADED FROM CONFIG: [True]
[Info   :RugbugRedfern.SkinwalkerMod] VoiceLineFrequency VALUE LOADED FROM CONFIG: [1]
[Info   :RugbugRedfern.SkinwalkerMod] Skinwalker Mod Object Initialized
[Info   :   BepInEx] Loading [LC Always Hear Active Walkies 1.4.4]
[Info   :suskitech.LCAlwaysHearActiveWalkie] \ /
[Info   :suskitech.LCAlwaysHearActiveWalkie] /|\
[Info   :suskitech.LCAlwaysHearActiveWalkie]  |----|
[Info   :suskitech.LCAlwaysHearActiveWalkie]  |[__]| Always Hear Active Walkies
[Info   :suskitech.LCAlwaysHearActiveWalkie]  |.  .| Version 1.4.4 Loaded
[Info   :suskitech.LCAlwaysHearActiveWalkie]  |____|
[Info   :suskitech.LCAlwaysHearActiveWalkie] 
[Info   :suskitech.LCAlwaysHearActiveWalkie] AudibleDistance: 12
[Info   :suskitech.LCAlwaysHearActiveWalkie] WalkieRecordingRange: 20
[Info   :suskitech.LCAlwaysHearActiveWalkie] PlayerToPlayerSpatialHearingRange: 20
[Info   :   BepInEx] Loading [Late Company 1.0.9]
[Info   :Late Company] Late Company loaded!
[Message:   BepInEx] Chainloader startup complete
[Info   :Lethal Company API] LC_API Started!
[Info   :FastStartup.Savers.LaunchOptions] Skipping launch options, defaulting to Online.
[Info   :LethalExpansion] Loading scene: InitSceneLaunchOptions
[Info   :LethalExpansion] Unloading scene: InitSceneLaunchOptions
[Info   :FastStartup.Savers.BootAnim] Skipping boot animation
[Info   :LethalExpansion] Loading scene: InitScene
[Info   :LethalExpansion] itemshipanimcontainer Prefab registered.
[Info   :LethalExpansion] Battery Scrap registered.
[Info   :LethalExpansion] Canned Food Scrap registered.
[Info   :LethalExpansion] Matchbox Scrap registered.
[Info   :LethalExpansion] Pills Scrap registered.
[Info   :LethalExpansion] Tape Scrap registered.
[Info   :Junypai.GamblersMod] Adding Gambling machine to network prefab
[Info   :LethalExpansion] Unloading scene: InitScene
[Info   :FastStartup.Savers.MenuAnim] Disabling menu open animation
[Info   :FastStartup.Savers.LanPopup] Destroying LAN popup
[Info   :LethalExpansion] Loading scene: MainMenu
[Info   :RugbugRedfern.SkinwalkerMod] Audio folder not present. Don't worry about it, it will be created automatically when you play with friends. (F:/Steam/steamapps/common/Lethal Company/Lethal Company_Data\..\Dissonance_Diagnostics)
[Info   :RugbugRedfern.SkinwalkerMod] Audio folder not present. Don't worry about it, it will be created automatically when you play with friends. (F:/Steam/steamapps/common/Lethal Company/Lethal Company_Data\..\Dissonance_Diagnostics)
[Info   :RugbugRedfern.SkinwalkerMod] Audio folder not present. Don't worry about it, it will be created automatically when you play with friends. (F:/Steam/steamapps/common/Lethal Company/Lethal Company_Data\..\Dissonance_Diagnostics)
[Info   :RugbugRedfern.SkinwalkerMod] Audio folder not present. Don't worry about it, it will be created automatically when you play with friends. (F:/Steam/steamapps/common/Lethal Company/Lethal Company_Data\..\Dissonance_Diagnostics)
[Info   :LethalExpansion] AutomaticDeadline Changed to True
[Info   :Junypai.GamblersMod] Player disconnected. Resetting the user's configuration settings.
[Info   :LethalExpansion] Unloading scene: MainMenu
[Info   :FastStartup.Savers.MenuAnim] Disabling menu open animation
[Info   :FastStartup.Savers.MenuAnim] Disabling menu open animation
[Info   :FastStartup.Savers.LanPopup] Destroying LAN popup
[Info   :FastStartup.Savers.LanPopup] Destroying LAN popup
[Info   :LethalExpansion] Loading scene: MainMenu
